<?xml version="1.0" encoding="UTF-8"?>
<!-- Generated by org.testng.reporters.JUnitReportReporter -->
<testsuite skipped="0" hostname="MUNI-VAIO" name="scripts.ValidLogin" tests="1" failures="0" timestamp="29 Oct 2017 09:17:52 GMT" time="35.538" errors="0">
  <testcase name="testValidLogin" time="35.538" classname="scripts.ValidLogin"/>
</testsuite> <!-- scripts.ValidLogin -->
